<?xml version="1.0" encoding="UTF-8"?>
<!-- Generated by org.testng.reporters.JUnitXMLReporter -->
<testsuite ignored="0" hostname="DESKTOP-FR930K3" failures="0" tests="10" name="Surefire test" time="20.115" errors="0" timestamp="2024-12-20T11:00:26 ICT">
  <testcase classname="api.test.DDTest" name="testPostUser" time="4.955"/>
  <testcase classname="api.test.DDTest" name="testPostUser" time="1.311"/>
  <testcase classname="api.test.DDTest" name="testPostUser" time="1.271"/>
  <testcase classname="api.test.DDTest" name="testDeleteByUsername" time="1.314"/>
  <testcase classname="api.test.DDTest" name="testDeleteByUsername" time="1.947"/>
  <testcase classname="api.test.DDTest" name="testDeleteByUsername" time="1.287"/>
  <testcase classname="api.test.UserTest" name="testPostUser" time="1.324"/>
  <testcase classname="api.test.UserTest" name="testGetUserByUsername" time="1.356"/>
  <testcase classname="api.test.UserTest" name="testUpdateUserByUsername" time="1.316"/>
  <testcase classname="api.test.UserTest" name="testDeleteUserByUsername" time="1.3"/>
</testsuite> <!-- Surefire test -->
