<?xml version="1.0" encoding="UTF-8"?>
<!-- Generated by org.testng.reporters.JUnitXMLReporter -->
<testsuite ignored="0" hostname="DESKTOP-FR930K3" failures="0" tests="6" name="Default test" time="12.133" errors="0" timestamp="2024-12-19T16:09:17 ICT">
  <testcase classname="api.test.DDTest" name="testPostUser" time="3.748"/>
  <testcase classname="api.test.DDTest" name="testPostUser" time="1.363"/>
  <testcase classname="api.test.DDTest" name="testPostUser" time="1.371"/>
  <testcase classname="api.test.DDTest" name="testDeleteByUsername" time="1.334"/>
  <testcase classname="api.test.DDTest" name="testDeleteByUsername" time="1.351"/>
  <testcase classname="api.test.DDTest" name="testDeleteByUsername" time="1.336"/>
</testsuite> <!-- Default test -->
