<?xml version="1.0" encoding="UTF-8"?>
<testsuite xmlns:xsi="http://www.w3.org/2001/XMLSchema-instance" xsi:noNamespaceSchemaLocation="https://maven.apache.org/surefire/maven-surefire-plugin/xsd/surefire-test-report.xsd" version="3.0.2" name="TestSuite" time="8.99" tests="4" errors="0" skipped="0" failures="0">
  <properties>
[...]
</properties>
  <testcase name="testPostUser" classname="api.test.UserTest" time="3.197">
    <system-out><![CDATA[2024-12-20T04:23:29.106804200Z main INFO Starting configuration XmlConfiguration[location=C:\Users\DELL\Desktop\JAVA\PetStoreAutomation\target\test-classes\log4j2.xml, lastModified=2024-12-20T04:12:47.892Z]...
2024-12-20T04:23:29.108842400Z main INFO Start watching for changes to C:\Users\DELL\Desktop\JAVA\PetStoreAutomation\target\test-classes\log4j2.xml every 0 seconds
2024-12-20T04:23:29.109022500Z main INFO Configuration XmlConfiguration[location=C:\Users\DELL\Desktop\JAVA\PetStoreAutomation\target\test-classes\log4j2.xml, lastModified=2024-12-20T04:12:47.892Z] started.
2024-12-20T04:23:29.112393900Z main INFO Stopping configuration org.apache.logging.log4j.core.config.DefaultConfiguration@47a5b70d...
2024-12-20T04:23:29.112897200Z main INFO Configuration org.apache.logging.log4j.core.config.DefaultConfiguration@47a5b70d stopped.
11:23:29.282 [main] INFO  api.test.UserTest - ******* Starting Testing Post User ***************
HTTP/1.1 200 OK
Date: Fri, 20 Dec 2024 04:23:31 GMT
Content-Type: application/json
Transfer-Encoding: chunked
Connection: keep-alive
Access-Control-Allow-Origin: *
Access-Control-Allow-Methods: GET, POST, DELETE, PUT
Access-Control-Allow-Headers: Content-Type, api_key, Authorization
Server: Jetty(9.2.9.v20150224)

{
    "code": 200,
    "type": "unknown",
    "message": "2109027570"
}
11:23:32.454 [main] INFO  api.test.UserTest - Validate status code
11:23:32.456 [main] INFO  api.test.UserTest - *********Finish Testing Post User***********
]]></system-out>
    <system-err><![CDATA[SLF4J: Failed to load class "org.slf4j.impl.StaticLoggerBinder".
SLF4J: Defaulting to no-operation (NOP) logger implementation
SLF4J: See http://www.slf4j.org/codes.html#StaticLoggerBinder for further details.
]]></system-err>
  </testcase>
  <testcase name="testGetUserByUsername" classname="api.test.UserTest" time="1.341">
    <system-out><![CDATA[11:23:32.470 [main] INFO  api.test.UserTest - ******* Starting Testing Get User By User name**************8
HTTP/1.1 200 OK
Date: Fri, 20 Dec 2024 04:23:32 GMT
Content-Type: application/json
Transfer-Encoding: chunked
Connection: keep-alive
Access-Control-Allow-Origin: *
Access-Control-Allow-Methods: GET, POST, DELETE, PUT
Access-Control-Allow-Headers: Content-Type, api_key, Authorization
Server: Jetty(9.2.9.v20150224)

{
    "id": 2109027570,
    "username": "fidel.spencer",
    "firstName": "Bari",
    "lastName": "Cassin",
    "email": "leatrice.dickens@example.com",
    "password": "rdeeb9ntl",
    "phone": "249-645-1227",
    "userStatus": 0
}
11:23:33.813 [main] INFO  api.test.UserTest - Validate response when send request GET User By Username
11:23:33.814 [main] INFO  api.test.UserTest - *********Finish Testing GET User By Username***************
]]></system-out>
  </testcase>
  <testcase name="testUpdateUserByUsername" classname="api.test.UserTest" time="1.31">
    <system-out><![CDATA[11:23:33.817 [main] INFO  api.test.UserTest - *********Starting Testing Update User By Username***************
11:23:33.818 [main] INFO  api.test.UserTest - Updating user by username:  fidel.spencer
HTTP/1.1 200 OK
Date: Fri, 20 Dec 2024 04:23:33 GMT
Content-Type: application/json
Transfer-Encoding: chunked
Connection: keep-alive
Access-Control-Allow-Origin: *
Access-Control-Allow-Methods: GET, POST, DELETE, PUT
Access-Control-Allow-Headers: Content-Type, api_key, Authorization
Server: Jetty(9.2.9.v20150224)

{
    "code": 200,
    "type": "unknown",
    "message": "2109027570"
}
11:23:35.125 [main] INFO  api.test.UserTest - Validate update user by username 
11:23:35.125 [main] INFO  api.test.UserTest - *********Finish Update user By Username**************
]]></system-out>
  </testcase>
  <testcase name="testDeleteUserByUsername" classname="api.test.UserTest" time="1.344">
    <system-out><![CDATA[11:23:35.128 [main] INFO  api.test.UserTest - **********Starting Testing Delete user By Username****************
11:23:35.129 [main] INFO  api.test.UserTest - Deleting user by: fidel.spencer
HTTP/1.1 200 OK
Date: Fri, 20 Dec 2024 04:23:35 GMT
Content-Type: application/json
Transfer-Encoding: chunked
Connection: keep-alive
Access-Control-Allow-Origin: *
Access-Control-Allow-Methods: GET, POST, DELETE, PUT
Access-Control-Allow-Headers: Content-Type, api_key, Authorization
Server: Jetty(9.2.9.v20150224)

{
    "code": 200,
    "type": "unknown",
    "message": "fidel.spencer"
}
11:23:36.470 [main] INFO  api.test.UserTest - Validate response with status code is 200
11:23:36.471 [main] INFO  api.test.UserTest - Finish delete user by username
]]></system-out>
  </testcase>
</testsuite>