<?xml version="1.0" encoding="UTF-8"?>
<testng-results ignored="0" total="4" passed="4" failed="0" skipped="0">
  <reporter-output>
  </reporter-output>
  <suite started-at="2024-12-20T11:23:28 GMT+07:00" name="PetSuite" finished-at="2024-12-20T11:23:36 GMT+07:00" duration-ms="8196">
    <groups>
    </groups>
    <test started-at="2024-12-20T11:23:28 GMT+07:00" name="PetTest" finished-at="2024-12-20T11:23:36 GMT+07:00" duration-ms="8196">
      <class name="api.test.UserTest">
        <test-method is-config="true" signature="setupData()[pri:0, instance:api.test.UserTest@689604d9]" started-at="2024-12-20T11:23:28 GMT+07:00" name="setupData" finished-at="2024-12-20T11:23:29 GMT+07:00" duration-ms="728" status="PASS">
          <reporter-output>
          </reporter-output>
        </test-method> <!-- setupData -->
        <test-method signature="testPostUser()[pri:1, instance:api.test.UserTest@689604d9]" started-at="2024-12-20T11:23:29 GMT+07:00" name="testPostUser" finished-at="2024-12-20T11:23:32 GMT+07:00" duration-ms="3182" status="PASS">
          <reporter-output>
          </reporter-output>
        </test-method> <!-- testPostUser -->
        <test-method signature="testGetUserByUsername()[pri:2, instance:api.test.UserTest@689604d9]" started-at="2024-12-20T11:23:32 GMT+07:00" name="testGetUserByUsername" finished-at="2024-12-20T11:23:33 GMT+07:00" duration-ms="1345" status="PASS">
          <reporter-output>
          </reporter-output>
        </test-method> <!-- testGetUserByUsername -->
        <test-method signature="testUpdateUserByUsername()[pri:3, instance:api.test.UserTest@689604d9]" started-at="2024-12-20T11:23:33 GMT+07:00" name="testUpdateUserByUsername" finished-at="2024-12-20T11:23:35 GMT+07:00" duration-ms="1309" status="PASS">
          <reporter-output>
          </reporter-output>
        </test-method> <!-- testUpdateUserByUsername -->
        <test-method signature="testDeleteUserByUsername()[pri:4, instance:api.test.UserTest@689604d9]" started-at="2024-12-20T11:23:35 GMT+07:00" name="testDeleteUserByUsername" finished-at="2024-12-20T11:23:36 GMT+07:00" duration-ms="1343" status="PASS">
          <reporter-output>
          </reporter-output>
        </test-method> <!-- testDeleteUserByUsername -->
      </class> <!-- api.test.UserTest -->
    </test> <!-- PetTest -->
  </suite> <!-- PetSuite -->
</testng-results>
