<?xml version="1.0" encoding="UTF-8"?>
<testng-results ignored="0" total="4" passed="4" failed="0" skipped="0">
  <reporter-output>
  </reporter-output>
  <suite started-at="2024-12-20T10:49:26 ICT" name="PetSuite" finished-at="2024-12-20T10:49:37 ICT" duration-ms="10825">
    <groups>
    </groups>
    <test started-at="2024-12-20T10:49:26 ICT" name="PetTest" finished-at="2024-12-20T10:49:37 ICT" duration-ms="10825">
      <class name="api.test.UserTest2">
        <test-method is-config="true" signature="setupData()[pri:0, instance:api.test.UserTest2@5d0bf09b]" started-at="2024-12-20T10:49:26 ICT" name="setupData" finished-at="2024-12-20T10:49:28 ICT" duration-ms="1465" status="PASS">
          <reporter-output>
          </reporter-output>
        </test-method> <!-- setupData -->
        <test-method signature="testPostUser()[pri:1, instance:api.test.UserTest2@5d0bf09b]" started-at="2024-12-20T10:49:28 ICT" name="testPostUser" finished-at="2024-12-20T10:49:31 ICT" duration-ms="3244" status="PASS">
          <reporter-output>
          </reporter-output>
        </test-method> <!-- testPostUser -->
        <test-method signature="testGetUserByUsername()[pri:2, instance:api.test.UserTest2@5d0bf09b]" started-at="2024-12-20T10:49:31 ICT" name="testGetUserByUsername" finished-at="2024-12-20T10:49:34 ICT" duration-ms="3152" status="PASS">
          <reporter-output>
          </reporter-output>
        </test-method> <!-- testGetUserByUsername -->
        <test-method signature="testUpdateUserByUsername()[pri:3, instance:api.test.UserTest2@5d0bf09b]" started-at="2024-12-20T10:49:34 ICT" name="testUpdateUserByUsername" finished-at="2024-12-20T10:49:35 ICT" duration-ms="1335" status="PASS">
          <reporter-output>
          </reporter-output>
        </test-method> <!-- testUpdateUserByUsername -->
        <test-method signature="testDeleteUserByUsername()[pri:4, instance:api.test.UserTest2@5d0bf09b]" started-at="2024-12-20T10:49:35 ICT" name="testDeleteUserByUsername" finished-at="2024-12-20T10:49:37 ICT" duration-ms="1237" status="PASS">
          <reporter-output>
          </reporter-output>
        </test-method> <!-- testDeleteUserByUsername -->
      </class> <!-- api.test.UserTest2 -->
    </test> <!-- PetTest -->
  </suite> <!-- PetSuite -->
</testng-results>
