<?xml version="1.0" encoding="UTF-8"?>
<!-- Generated by org.testng.reporters.JUnitXMLReporter -->
<testsuite ignored="0" hostname="DESKTOP-FR930K3" failures="0" tests="4" name="PetTest" time="8.196" errors="0" timestamp="2024-12-20T11:23:36 GMT+07:00">
  <testcase classname="api.test.UserTest" name="testPostUser" time="3.182"/>
  <testcase classname="api.test.UserTest" name="testGetUserByUsername" time="1.345"/>
  <testcase classname="api.test.UserTest" name="testUpdateUserByUsername" time="1.309"/>
  <testcase classname="api.test.UserTest" name="testDeleteUserByUsername" time="1.343"/>
</testsuite> <!-- PetTest -->
